{"/Users/rknell/Documents/Projects/snappyapps-seed/engine/bootstrap.test.js":{"path":"/Users/rknell/Documents/Projects/snappyapps-seed/engine/bootstrap.test.js","s":{"1":1,"2":1,"3":1,"4":1,"5":1,"6":1,"7":1,"8":1,"9":1,"10":1,"11":1,"12":1,"13":1,"14":1,"15":1,"16":1,"17":1,"18":1},"b":{},"f":{"1":1,"2":1},"fnMap":{"1":{"name":"(anonymous_1)","line":15,"loc":{"start":{"line":15,"column":7},"end":{"line":15,"column":23}}},"2":{"name":"(anonymous_2)","line":19,"loc":{"start":{"line":19,"column":10},"end":{"line":19,"column":28}}}},"statementMap":{"1":{"start":{"line":1,"column":0},"end":{"line":1,"column":35}},"2":{"start":{"line":2,"column":0},"end":{"line":2,"column":31}},"3":{"start":{"line":3,"column":0},"end":{"line":3,"column":33}},"4":{"start":{"line":4,"column":0},"end":{"line":4,"column":33}},"5":{"start":{"line":5,"column":0},"end":{"line":5,"column":32}},"6":{"start":{"line":6,"column":0},"end":{"line":6,"column":31}},"7":{"start":{"line":7,"column":0},"end":{"line":10,"column":0}},"8":{"start":{"line":10,"column":0},"end":{"line":10,"column":18}},"9":{"start":{"line":12,"column":0},"end":{"line":12,"column":20}},"10":{"start":{"line":15,"column":0},"end":{"line":29,"column":3}},"11":{"start":{"line":16,"column":2},"end":{"line":16,"column":54}},"12":{"start":{"line":18,"column":2},"end":{"line":27,"column":7}},"13":{"start":{"line":20,"column":6},"end":{"line":20,"column":35}},"14":{"start":{"line":21,"column":6},"end":{"line":21,"column":38}},"15":{"start":{"line":22,"column":6},"end":{"line":22,"column":37}},"16":{"start":{"line":23,"column":6},"end":{"line":23,"column":33}},"17":{"start":{"line":24,"column":6},"end":{"line":24,"column":39}},"18":{"start":{"line":25,"column":6},"end":{"line":25,"column":13}}},"branchMap":{}},"/Users/rknell/Documents/Projects/snappyapps-seed/engine/lib/express.js":{"path":"/Users/rknell/Documents/Projects/snappyapps-seed/engine/lib/express.js","s":{"1":1,"2":1,"3":1,"4":1,"5":1,"6":1,"7":1,"8":1,"9":1,"10":1,"11":1,"12":1,"13":1,"14":1,"15":1,"16":1,"17":1,"18":1,"19":1,"20":1,"21":1,"22":2,"23":2,"24":2,"25":1,"26":1,"27":2,"28":1,"29":1,"30":1,"31":1,"32":1,"33":1,"34":1,"35":1},"b":{"1":[1,1],"2":[1,1]},"f":{"1":1,"2":2,"3":2,"4":1},"fnMap":{"1":{"name":"listen","line":43,"loc":{"start":{"line":43,"column":0},"end":{"line":43,"column":46}}},"2":{"name":"(anonymous_2)","line":56,"loc":{"start":{"line":56,"column":10},"end":{"line":56,"column":36}}},"3":{"name":"(anonymous_3)","line":68,"loc":{"start":{"line":68,"column":10},"end":{"line":68,"column":41}}},"4":{"name":"(anonymous_4)","line":84,"loc":{"start":{"line":84,"column":52},"end":{"line":84,"column":64}}}},"statementMap":{"1":{"start":{"line":11,"column":0},"end":{"line":11,"column":33}},"2":{"start":{"line":12,"column":0},"end":{"line":12,"column":27}},"3":{"start":{"line":13,"column":0},"end":{"line":13,"column":39}},"4":{"start":{"line":14,"column":0},"end":{"line":14,"column":31}},"5":{"start":{"line":15,"column":0},"end":{"line":15,"column":44}},"6":{"start":{"line":16,"column":0},"end":{"line":16,"column":40}},"7":{"start":{"line":17,"column":0},"end":{"line":17,"column":41}},"8":{"start":{"line":18,"column":0},"end":{"line":18,"column":31}},"9":{"start":{"line":22,"column":0},"end":{"line":22,"column":20}},"10":{"start":{"line":26,"column":0},"end":{"line":26,"column":23}},"11":{"start":{"line":27,"column":0},"end":{"line":27,"column":27}},"12":{"start":{"line":28,"column":0},"end":{"line":28,"column":50}},"13":{"start":{"line":29,"column":0},"end":{"line":29,"column":24}},"14":{"start":{"line":30,"column":0},"end":{"line":34,"column":4}},"15":{"start":{"line":35,"column":0},"end":{"line":35,"column":18}},"16":{"start":{"line":43,"column":0},"end":{"line":88,"column":1}},"17":{"start":{"line":46,"column":2},"end":{"line":46,"column":66}},"18":{"start":{"line":47,"column":2},"end":{"line":47,"column":29}},"19":{"start":{"line":48,"column":2},"end":{"line":48,"column":33}},"20":{"start":{"line":52,"column":2},"end":{"line":52,"column":77}},"21":{"start":{"line":56,"column":2},"end":{"line":60,"column":5}},"22":{"start":{"line":57,"column":4},"end":{"line":57,"column":37}},"23":{"start":{"line":58,"column":4},"end":{"line":58,"column":21}},"24":{"start":{"line":59,"column":4},"end":{"line":59,"column":14}},"25":{"start":{"line":67,"column":2},"end":{"line":67,"column":55}},"26":{"start":{"line":68,"column":2},"end":{"line":82,"column":5}},"27":{"start":{"line":69,"column":4},"end":{"line":81,"column":5}},"28":{"start":{"line":70,"column":6},"end":{"line":74,"column":6}},"29":{"start":{"line":74,"column":6},"end":{"line":75,"column":4}},"30":{"start":{"line":76,"column":6},"end":{"line":76,"column":29}},"31":{"start":{"line":77,"column":6},"end":{"line":80,"column":9}},"32":{"start":{"line":84,"column":2},"end":{"line":86,"column":5}},"33":{"start":{"line":85,"column":4},"end":{"line":85,"column":63}},"34":{"start":{"line":90,"column":0},"end":{"line":93,"column":2}},"35":{"start":{"line":95,"column":0},"end":{"line":95,"column":28}}},"branchMap":{"1":{"line":69,"type":"if","locations":[{"start":{"line":69,"column":4},"end":{"line":69,"column":4}},{"start":{"line":69,"column":4},"end":{"line":69,"column":4}}]},"2":{"line":84,"type":"binary-expr","locations":[{"start":{"line":84,"column":26},"end":{"line":84,"column":42}},{"start":{"line":84,"column":46},"end":{"line":84,"column":50}}]}}},"/Users/rknell/Documents/Projects/snappyapps-seed/engine/lib/loader.js":{"path":"/Users/rknell/Documents/Projects/snappyapps-seed/engine/lib/loader.js","s":{"1":2,"2":2,"3":2,"4":2,"5":2,"6":2,"7":2,"8":2,"9":1,"10":1,"11":6,"12":6,"13":6,"14":24,"15":24,"16":24,"17":21,"18":21,"19":12,"20":12,"21":12,"22":24,"23":6,"24":6,"25":1,"26":3,"27":3,"28":3,"29":6,"30":6,"31":1,"32":6,"33":1,"34":6,"35":1,"36":6,"37":1,"38":6,"39":1,"40":6,"41":1,"42":3,"43":3,"44":1,"45":3,"46":3,"47":3,"48":6,"49":6,"50":21,"51":21,"52":3,"53":21,"54":3,"55":21,"56":3,"57":21,"58":3,"59":21,"60":3,"61":3,"62":3,"63":1,"64":2,"65":24,"66":38,"67":38,"68":38,"69":2,"70":1,"71":72,"72":51,"73":48,"74":72,"75":24,"76":72,"77":72,"78":1,"79":42,"80":42,"81":175,"82":42,"83":1,"84":2,"85":2},"b":{"1":[21,3],"2":[12,9],"3":[3,18],"4":[3,18],"5":[3,18],"6":[3,18],"7":[3,18],"8":[51,21],"9":[24,48]},"f":{"1":1,"2":6,"3":24,"4":6,"5":3,"6":3,"7":6,"8":1,"9":1,"10":1,"11":1,"12":1,"13":1,"14":3,"15":3,"16":6,"17":21,"18":2,"19":24,"20":38,"21":72,"22":48,"23":42,"24":2},"fnMap":{"1":{"name":"(anonymous_1)","line":14,"loc":{"start":{"line":14,"column":23},"end":{"line":14,"column":41}}},"2":{"name":"loadModules","line":23,"loc":{"start":{"line":23,"column":0},"end":{"line":23,"column":33}}},"3":{"name":"(anonymous_3)","line":27,"loc":{"start":{"line":27,"column":20},"end":{"line":27,"column":48}}},"4":{"name":"(anonymous_4)","line":42,"loc":{"start":{"line":42,"column":19},"end":{"line":42,"column":31}}},"5":{"name":"loadModels","line":51,"loc":{"start":{"line":51,"column":0},"end":{"line":51,"column":22}}},"6":{"name":"(anonymous_6)","line":55,"loc":{"start":{"line":55,"column":5},"end":{"line":55,"column":24}}},"7":{"name":"(anonymous_7)","line":57,"loc":{"start":{"line":57,"column":20},"end":{"line":57,"column":37}}},"8":{"name":"(anonymous_8)","line":64,"loc":{"start":{"line":64,"column":12},"end":{"line":64,"column":32}}},"9":{"name":"(anonymous_9)","line":73,"loc":{"start":{"line":73,"column":12},"end":{"line":73,"column":32}}},"10":{"name":"(anonymous_10)","line":82,"loc":{"start":{"line":82,"column":12},"end":{"line":82,"column":32}}},"11":{"name":"(anonymous_11)","line":91,"loc":{"start":{"line":91,"column":12},"end":{"line":91,"column":32}}},"12":{"name":"(anonymous_12)","line":100,"loc":{"start":{"line":100,"column":12},"end":{"line":100,"column":32}}},"13":{"name":"(anonymous_13)","line":109,"loc":{"start":{"line":109,"column":12},"end":{"line":109,"column":32}}},"14":{"name":"loadRoutes","line":125,"loc":{"start":{"line":125,"column":0},"end":{"line":125,"column":22}}},"15":{"name":"(anonymous_15)","line":129,"loc":{"start":{"line":129,"column":5},"end":{"line":129,"column":24}}},"16":{"name":"(anonymous_16)","line":130,"loc":{"start":{"line":130,"column":20},"end":{"line":130,"column":43}}},"17":{"name":"(anonymous_17)","line":132,"loc":{"start":{"line":132,"column":33},"end":{"line":132,"column":50}}},"18":{"name":"actionRunLast","line":196,"loc":{"start":{"line":196,"column":0},"end":{"line":196,"column":25}}},"19":{"name":"(anonymous_19)","line":197,"loc":{"start":{"line":197,"column":32},"end":{"line":197,"column":51}}},"20":{"name":"(anonymous_20)","line":198,"loc":{"start":{"line":198,"column":43},"end":{"line":198,"column":61}}},"21":{"name":"addToRegister","line":213,"loc":{"start":{"line":213,"column":0},"end":{"line":213,"column":29}}},"22":{"name":"(anonymous_22)","line":215,"loc":{"start":{"line":215,"column":28},"end":{"line":215,"column":50}}},"23":{"name":"space","line":229,"loc":{"start":{"line":229,"column":0},"end":{"line":229,"column":18}}},"24":{"name":"loadApi","line":239,"loc":{"start":{"line":239,"column":0},"end":{"line":239,"column":19}}}},"statementMap":{"1":{"start":{"line":3,"column":0},"end":{"line":3,"column":27}},"2":{"start":{"line":4,"column":0},"end":{"line":4,"column":27}},"3":{"start":{"line":5,"column":0},"end":{"line":5,"column":21}},"4":{"start":{"line":6,"column":0},"end":{"line":6,"column":41}},"5":{"start":{"line":7,"column":0},"end":{"line":7,"column":50}},"6":{"start":{"line":8,"column":0},"end":{"line":8,"column":49}},"7":{"start":{"line":12,"column":0},"end":{"line":12,"column":18}},"8":{"start":{"line":14,"column":0},"end":{"line":16,"column":3}},"9":{"start":{"line":15,"column":2},"end":{"line":15,"column":50}},"10":{"start":{"line":23,"column":0},"end":{"line":45,"column":1}},"11":{"start":{"line":24,"column":2},"end":{"line":24,"column":60}},"12":{"start":{"line":25,"column":2},"end":{"line":25,"column":19}},"13":{"start":{"line":27,"column":2},"end":{"line":40,"column":5}},"14":{"start":{"line":28,"column":4},"end":{"line":28,"column":45}},"15":{"start":{"line":29,"column":4},"end":{"line":29,"column":40}},"16":{"start":{"line":31,"column":4},"end":{"line":38,"column":5}},"17":{"start":{"line":32,"column":6},"end":{"line":32,"column":39}},"18":{"start":{"line":33,"column":6},"end":{"line":37,"column":7}},"19":{"start":{"line":34,"column":8},"end":{"line":34,"column":49}},"20":{"start":{"line":35,"column":8},"end":{"line":35,"column":48}},"21":{"start":{"line":36,"column":8},"end":{"line":36,"column":29}},"22":{"start":{"line":39,"column":4},"end":{"line":39,"column":11}},"23":{"start":{"line":42,"column":2},"end":{"line":44,"column":5}},"24":{"start":{"line":43,"column":4},"end":{"line":43,"column":18}},"25":{"start":{"line":51,"column":0},"end":{"line":119,"column":1}},"26":{"start":{"line":52,"column":2},"end":{"line":52,"column":27}},"27":{"start":{"line":53,"column":2},"end":{"line":117,"column":5}},"28":{"start":{"line":57,"column":4},"end":{"line":115,"column":7}},"29":{"start":{"line":59,"column":6},"end":{"line":59,"column":48}},"30":{"start":{"line":61,"column":6},"end":{"line":68,"column":9}},"31":{"start":{"line":65,"column":10},"end":{"line":65,"column":55}},"32":{"start":{"line":70,"column":6},"end":{"line":77,"column":9}},"33":{"start":{"line":74,"column":10},"end":{"line":74,"column":56}},"34":{"start":{"line":79,"column":6},"end":{"line":86,"column":9}},"35":{"start":{"line":83,"column":10},"end":{"line":83,"column":57}},"36":{"start":{"line":88,"column":6},"end":{"line":95,"column":9}},"37":{"start":{"line":92,"column":10},"end":{"line":92,"column":55}},"38":{"start":{"line":97,"column":6},"end":{"line":104,"column":9}},"39":{"start":{"line":101,"column":10},"end":{"line":101,"column":55}},"40":{"start":{"line":106,"column":6},"end":{"line":113,"column":9}},"41":{"start":{"line":110,"column":10},"end":{"line":110,"column":55}},"42":{"start":{"line":116,"column":4},"end":{"line":116,"column":30}},"43":{"start":{"line":118,"column":2},"end":{"line":118,"column":26}},"44":{"start":{"line":125,"column":0},"end":{"line":190,"column":1}},"45":{"start":{"line":126,"column":2},"end":{"line":126,"column":27}},"46":{"start":{"line":127,"column":2},"end":{"line":188,"column":5}},"47":{"start":{"line":130,"column":4},"end":{"line":186,"column":7}},"48":{"start":{"line":131,"column":6},"end":{"line":131,"column":38}},"49":{"start":{"line":132,"column":6},"end":{"line":185,"column":9}},"50":{"start":{"line":134,"column":8},"end":{"line":138,"column":11}},"51":{"start":{"line":140,"column":8},"end":{"line":147,"column":9}},"52":{"start":{"line":141,"column":10},"end":{"line":147,"column":8}},"53":{"start":{"line":149,"column":8},"end":{"line":156,"column":9}},"54":{"start":{"line":150,"column":10},"end":{"line":156,"column":8}},"55":{"start":{"line":158,"column":8},"end":{"line":165,"column":9}},"56":{"start":{"line":159,"column":10},"end":{"line":165,"column":8}},"57":{"start":{"line":167,"column":8},"end":{"line":174,"column":9}},"58":{"start":{"line":168,"column":10},"end":{"line":174,"column":8}},"59":{"start":{"line":176,"column":8},"end":{"line":183,"column":9}},"60":{"start":{"line":177,"column":10},"end":{"line":183,"column":8}},"61":{"start":{"line":187,"column":4},"end":{"line":187,"column":30}},"62":{"start":{"line":189,"column":2},"end":{"line":189,"column":26}},"63":{"start":{"line":196,"column":0},"end":{"line":206,"column":1}},"64":{"start":{"line":197,"column":2},"end":{"line":203,"column":5}},"65":{"start":{"line":198,"column":4},"end":{"line":202,"column":7}},"66":{"start":{"line":199,"column":6},"end":{"line":199,"column":41}},"67":{"start":{"line":200,"column":6},"end":{"line":200,"column":61}},"68":{"start":{"line":201,"column":6},"end":{"line":202,"column":4}},"69":{"start":{"line":205,"column":2},"end":{"line":205,"column":19}},"70":{"start":{"line":213,"column":0},"end":{"line":222,"column":1}},"71":{"start":{"line":214,"column":2},"end":{"line":218,"column":3}},"72":{"start":{"line":215,"column":4},"end":{"line":218,"column":2}},"73":{"start":{"line":216,"column":6},"end":{"line":216,"column":49}},"74":{"start":{"line":219,"column":2},"end":{"line":219,"column":53}},"75":{"start":{"line":219,"column":28},"end":{"line":219,"column":53}},"76":{"start":{"line":220,"column":2},"end":{"line":220,"column":33}},"77":{"start":{"line":221,"column":2},"end":{"line":221,"column":30}},"78":{"start":{"line":229,"column":0},"end":{"line":233,"column":1}},"79":{"start":{"line":230,"column":2},"end":{"line":230,"column":15}},"80":{"start":{"line":231,"column":2},"end":{"line":231,"column":25}},"81":{"start":{"line":231,"column":14},"end":{"line":231,"column":25}},"82":{"start":{"line":232,"column":2},"end":{"line":232,"column":13}},"83":{"start":{"line":239,"column":0},"end":{"line":243,"column":1}},"84":{"start":{"line":240,"column":2},"end":{"line":242,"column":25}},"85":{"start":{"line":245,"column":0},"end":{"line":255,"column":2}}},"branchMap":{"1":{"line":31,"type":"if","locations":[{"start":{"line":31,"column":4},"end":{"line":31,"column":4}},{"start":{"line":31,"column":4},"end":{"line":31,"column":4}}]},"2":{"line":33,"type":"if","locations":[{"start":{"line":33,"column":6},"end":{"line":33,"column":6}},{"start":{"line":33,"column":6},"end":{"line":33,"column":6}}]},"3":{"line":140,"type":"if","locations":[{"start":{"line":140,"column":8},"end":{"line":140,"column":8}},{"start":{"line":140,"column":8},"end":{"line":140,"column":8}}]},"4":{"line":149,"type":"if","locations":[{"start":{"line":149,"column":8},"end":{"line":149,"column":8}},{"start":{"line":149,"column":8},"end":{"line":149,"column":8}}]},"5":{"line":158,"type":"if","locations":[{"start":{"line":158,"column":8},"end":{"line":158,"column":8}},{"start":{"line":158,"column":8},"end":{"line":158,"column":8}}]},"6":{"line":167,"type":"if","locations":[{"start":{"line":167,"column":8},"end":{"line":167,"column":8}},{"start":{"line":167,"column":8},"end":{"line":167,"column":8}}]},"7":{"line":176,"type":"if","locations":[{"start":{"line":176,"column":8},"end":{"line":176,"column":8}},{"start":{"line":176,"column":8},"end":{"line":176,"column":8}}]},"8":{"line":214,"type":"if","locations":[{"start":{"line":214,"column":2},"end":{"line":214,"column":2}},{"start":{"line":214,"column":2},"end":{"line":214,"column":2}}]},"9":{"line":219,"type":"if","locations":[{"start":{"line":219,"column":2},"end":{"line":219,"column":2}},{"start":{"line":219,"column":2},"end":{"line":219,"column":2}}]}}},"/Users/rknell/Documents/Projects/snappyapps-seed/engine/lib/defaultActions.js":{"path":"/Users/rknell/Documents/Projects/snappyapps-seed/engine/lib/defaultActions.js","s":{"1":1,"2":1,"3":2,"4":2,"5":1,"6":2,"7":2,"8":2,"9":1,"10":2,"11":2,"12":1,"13":2,"14":2,"15":2,"16":2,"17":2,"18":1,"19":2,"20":2,"21":2,"22":2,"23":1,"24":3,"25":3,"26":3,"27":2,"28":1,"29":1},"b":{"1":[2,1]},"f":{"1":2,"2":2,"3":2,"4":2,"5":2,"6":2,"7":2,"8":2,"9":2,"10":2,"11":3,"12":3},"fnMap":{"1":{"name":"findAll","line":9,"loc":{"start":{"line":9,"column":0},"end":{"line":9,"column":34}}},"2":{"name":"(anonymous_2)","line":12,"loc":{"start":{"line":12,"column":10},"end":{"line":12,"column":31}}},"3":{"name":"search","line":23,"loc":{"start":{"line":23,"column":0},"end":{"line":23,"column":33}}},"4":{"name":"(anonymous_4)","line":27,"loc":{"start":{"line":27,"column":10},"end":{"line":27,"column":31}}},"5":{"name":"findById","line":38,"loc":{"start":{"line":38,"column":0},"end":{"line":38,"column":35}}},"6":{"name":"(anonymous_6)","line":40,"loc":{"start":{"line":40,"column":10},"end":{"line":40,"column":30}}},"7":{"name":"create","line":51,"loc":{"start":{"line":51,"column":0},"end":{"line":51,"column":33}}},"8":{"name":"(anonymous_8)","line":56,"loc":{"start":{"line":56,"column":15},"end":{"line":56,"column":35}}},"9":{"name":"update","line":67,"loc":{"start":{"line":67,"column":0},"end":{"line":67,"column":33}}},"10":{"name":"(anonymous_10)","line":70,"loc":{"start":{"line":70,"column":42},"end":{"line":70,"column":62}}},"11":{"name":"remove","line":82,"loc":{"start":{"line":82,"column":0},"end":{"line":82,"column":33}}},"12":{"name":"(anonymous_12)","line":84,"loc":{"start":{"line":84,"column":36},"end":{"line":84,"column":56}}}},"statementMap":{"1":{"start":{"line":1,"column":0},"end":{"line":1,"column":50}},"2":{"start":{"line":9,"column":0},"end":{"line":15,"column":1}},"3":{"start":{"line":10,"column":2},"end":{"line":15,"column":0}},"4":{"start":{"line":13,"column":6},"end":{"line":13,"column":21}},"5":{"start":{"line":23,"column":0},"end":{"line":30,"column":1}},"6":{"start":{"line":24,"column":2},"end":{"line":24,"column":23}},"7":{"start":{"line":25,"column":2},"end":{"line":30,"column":0}},"8":{"start":{"line":28,"column":6},"end":{"line":28,"column":21}},"9":{"start":{"line":38,"column":0},"end":{"line":43,"column":1}},"10":{"start":{"line":39,"column":2},"end":{"line":42,"column":7}},"11":{"start":{"line":41,"column":6},"end":{"line":41,"column":20}},"12":{"start":{"line":51,"column":0},"end":{"line":59,"column":1}},"13":{"start":{"line":52,"column":2},"end":{"line":52,"column":22}},"14":{"start":{"line":53,"column":2},"end":{"line":53,"column":24}},"15":{"start":{"line":55,"column":2},"end":{"line":55,"column":32}},"16":{"start":{"line":56,"column":2},"end":{"line":59,"column":0}},"17":{"start":{"line":57,"column":4},"end":{"line":57,"column":18}},"18":{"start":{"line":67,"column":0},"end":{"line":74,"column":1}},"19":{"start":{"line":68,"column":2},"end":{"line":68,"column":22}},"20":{"start":{"line":69,"column":2},"end":{"line":69,"column":34}},"21":{"start":{"line":70,"column":2},"end":{"line":74,"column":0}},"22":{"start":{"line":72,"column":4},"end":{"line":72,"column":18}},"23":{"start":{"line":82,"column":0},"end":{"line":92,"column":1}},"24":{"start":{"line":83,"column":2},"end":{"line":83,"column":39}},"25":{"start":{"line":84,"column":2},"end":{"line":92,"column":0}},"26":{"start":{"line":85,"column":4},"end":{"line":89,"column":5}},"27":{"start":{"line":86,"column":6},"end":{"line":86,"column":66}},"28":{"start":{"line":88,"column":6},"end":{"line":88,"column":20}},"29":{"start":{"line":94,"column":0},"end":{"line":103,"column":0}}},"branchMap":{"1":{"line":85,"type":"if","locations":[{"start":{"line":85,"column":4},"end":{"line":85,"column":4}},{"start":{"line":85,"column":4},"end":{"line":85,"column":4}}]}}},"/Users/rknell/Documents/Projects/snappyapps-seed/engine/lib/defaultActions.test.js":{"path":"/Users/rknell/Documents/Projects/snappyapps-seed/engine/lib/defaultActions.test.js","s":{"1":1,"2":1,"3":1,"4":1,"5":1,"6":1,"7":1,"8":1,"9":1,"10":1,"11":1,"12":1,"13":1,"14":1,"15":1,"16":1,"17":1,"18":1,"19":1,"20":1,"21":1,"22":1,"23":1,"24":1,"25":1,"26":1,"27":1,"28":1,"29":1,"30":1,"31":1,"32":1,"33":1,"34":1,"35":1,"36":1,"37":1,"38":1,"39":1,"40":1,"41":1,"42":1,"43":1,"44":1,"45":1,"46":1,"47":1,"48":1,"49":1,"50":1,"51":1,"52":1,"53":1,"54":1,"55":1,"56":1,"57":1,"58":1,"59":1,"60":1,"61":1,"62":1,"63":1,"64":1,"65":1,"66":1,"67":1,"68":1,"69":1,"70":1,"71":1},"b":{},"f":{"1":1,"2":1,"3":1,"4":1,"5":1,"6":1,"7":1,"8":1,"9":1,"10":1,"11":1,"12":1,"13":1,"14":1,"15":1,"16":1,"17":1,"18":1,"19":1,"20":1,"21":1,"22":1,"23":1,"24":1,"25":1,"26":1,"27":1,"28":1,"29":1,"30":1},"fnMap":{"1":{"name":"(anonymous_1)","line":10,"loc":{"start":{"line":10,"column":27},"end":{"line":10,"column":39}}},"2":{"name":"(anonymous_2)","line":11,"loc":{"start":{"line":11,"column":21},"end":{"line":11,"column":33}}},"3":{"name":"(anonymous_3)","line":12,"loc":{"start":{"line":12,"column":30},"end":{"line":12,"column":46}}},"4":{"name":"(anonymous_4)","line":14,"loc":{"start":{"line":14,"column":14},"end":{"line":14,"column":30}}},"5":{"name":"(anonymous_5)","line":24,"loc":{"start":{"line":24,"column":54},"end":{"line":24,"column":70}}},"6":{"name":"(anonymous_6)","line":29,"loc":{"start":{"line":29,"column":13},"end":{"line":29,"column":33}}},"7":{"name":"(anonymous_7)","line":36,"loc":{"start":{"line":36,"column":29},"end":{"line":36,"column":41}}},"8":{"name":"(anonymous_8)","line":37,"loc":{"start":{"line":37,"column":29},"end":{"line":37,"column":45}}},"9":{"name":"(anonymous_9)","line":41,"loc":{"start":{"line":41,"column":13},"end":{"line":41,"column":33}}},"10":{"name":"(anonymous_10)","line":47,"loc":{"start":{"line":47,"column":48},"end":{"line":47,"column":64}}},"11":{"name":"(anonymous_11)","line":52,"loc":{"start":{"line":52,"column":13},"end":{"line":52,"column":33}}},"12":{"name":"(anonymous_12)","line":59,"loc":{"start":{"line":59,"column":35},"end":{"line":59,"column":51}}},"13":{"name":"(anonymous_13)","line":62,"loc":{"start":{"line":62,"column":13},"end":{"line":62,"column":33}}},"14":{"name":"(anonymous_14)","line":69,"loc":{"start":{"line":69,"column":21},"end":{"line":69,"column":33}}},"15":{"name":"(anonymous_15)","line":70,"loc":{"start":{"line":70,"column":40},"end":{"line":70,"column":56}}},"16":{"name":"(anonymous_16)","line":72,"loc":{"start":{"line":72,"column":14},"end":{"line":72,"column":30}}},"17":{"name":"(anonymous_17)","line":81,"loc":{"start":{"line":81,"column":22},"end":{"line":81,"column":34}}},"18":{"name":"(anonymous_18)","line":82,"loc":{"start":{"line":82,"column":38},"end":{"line":82,"column":54}}},"19":{"name":"(anonymous_19)","line":84,"loc":{"start":{"line":84,"column":14},"end":{"line":84,"column":30}}},"20":{"name":"(anonymous_20)","line":94,"loc":{"start":{"line":94,"column":23},"end":{"line":94,"column":35}}},"21":{"name":"(anonymous_21)","line":95,"loc":{"start":{"line":95,"column":38},"end":{"line":95,"column":54}}},"22":{"name":"(anonymous_22)","line":97,"loc":{"start":{"line":97,"column":14},"end":{"line":97,"column":30}}},"23":{"name":"(anonymous_23)","line":106,"loc":{"start":{"line":106,"column":21},"end":{"line":106,"column":33}}},"24":{"name":"(anonymous_24)","line":107,"loc":{"start":{"line":107,"column":38},"end":{"line":107,"column":54}}},"25":{"name":"(anonymous_25)","line":109,"loc":{"start":{"line":109,"column":14},"end":{"line":109,"column":30}}},"26":{"name":"(anonymous_26)","line":119,"loc":{"start":{"line":119,"column":21},"end":{"line":119,"column":33}}},"27":{"name":"(anonymous_27)","line":121,"loc":{"start":{"line":121,"column":35},"end":{"line":121,"column":51}}},"28":{"name":"(anonymous_28)","line":123,"loc":{"start":{"line":123,"column":14},"end":{"line":123,"column":30}}},"29":{"name":"(anonymous_29)","line":132,"loc":{"start":{"line":132,"column":38},"end":{"line":132,"column":54}}},"30":{"name":"(anonymous_30)","line":134,"loc":{"start":{"line":134,"column":14},"end":{"line":134,"column":30}}}},"statementMap":{"1":{"start":{"line":1,"column":0},"end":{"line":1,"column":36}},"2":{"start":{"line":2,"column":0},"end":{"line":2,"column":49}},"3":{"start":{"line":4,"column":0},"end":{"line":6,"column":3}},"4":{"start":{"line":8,"column":0},"end":{"line":8,"column":27}},"5":{"start":{"line":10,"column":0},"end":{"line":145,"column":3}},"6":{"start":{"line":11,"column":2},"end":{"line":34,"column":5}},"7":{"start":{"line":12,"column":4},"end":{"line":22,"column":7}},"8":{"start":{"line":13,"column":6},"end":{"line":21,"column":16}},"9":{"start":{"line":15,"column":10},"end":{"line":15,"column":28}},"10":{"start":{"line":16,"column":10},"end":{"line":16,"column":37}},"11":{"start":{"line":17,"column":10},"end":{"line":18,"column":10}},"12":{"start":{"line":18,"column":10},"end":{"line":18,"column":41}},"13":{"start":{"line":19,"column":10},"end":{"line":20,"column":8}},"14":{"start":{"line":24,"column":4},"end":{"line":34,"column":2}},"15":{"start":{"line":25,"column":6},"end":{"line":25,"column":21}},"16":{"start":{"line":26,"column":6},"end":{"line":33,"column":4}},"17":{"start":{"line":30,"column":10},"end":{"line":30,"column":43}},"18":{"start":{"line":31,"column":10},"end":{"line":31,"column":17}},"19":{"start":{"line":36,"column":2},"end":{"line":67,"column":5}},"20":{"start":{"line":37,"column":4},"end":{"line":47,"column":4}},"21":{"start":{"line":38,"column":6},"end":{"line":45,"column":4}},"22":{"start":{"line":42,"column":10},"end":{"line":42,"column":43}},"23":{"start":{"line":43,"column":10},"end":{"line":43,"column":17}},"24":{"start":{"line":47,"column":4},"end":{"line":57,"column":7}},"25":{"start":{"line":48,"column":6},"end":{"line":57,"column":4}},"26":{"start":{"line":53,"column":10},"end":{"line":53,"column":32}},"27":{"start":{"line":54,"column":10},"end":{"line":54,"column":43}},"28":{"start":{"line":55,"column":10},"end":{"line":55,"column":17}},"29":{"start":{"line":59,"column":4},"end":{"line":67,"column":2}},"30":{"start":{"line":60,"column":6},"end":{"line":66,"column":4}},"31":{"start":{"line":63,"column":10},"end":{"line":63,"column":43}},"32":{"start":{"line":64,"column":10},"end":{"line":64,"column":17}},"33":{"start":{"line":69,"column":2},"end":{"line":79,"column":5}},"34":{"start":{"line":70,"column":4},"end":{"line":78,"column":7}},"35":{"start":{"line":71,"column":6},"end":{"line":77,"column":16}},"36":{"start":{"line":73,"column":10},"end":{"line":73,"column":28}},"37":{"start":{"line":74,"column":10},"end":{"line":74,"column":41}},"38":{"start":{"line":75,"column":10},"end":{"line":76,"column":8}},"39":{"start":{"line":81,"column":2},"end":{"line":92,"column":5}},"40":{"start":{"line":82,"column":4},"end":{"line":92,"column":2}},"41":{"start":{"line":83,"column":6},"end":{"line":90,"column":16}},"42":{"start":{"line":85,"column":10},"end":{"line":85,"column":28}},"43":{"start":{"line":86,"column":10},"end":{"line":87,"column":10}},"44":{"start":{"line":87,"column":10},"end":{"line":87,"column":41}},"45":{"start":{"line":88,"column":10},"end":{"line":89,"column":8}},"46":{"start":{"line":94,"column":2},"end":{"line":104,"column":5}},"47":{"start":{"line":95,"column":4},"end":{"line":104,"column":2}},"48":{"start":{"line":96,"column":6},"end":{"line":102,"column":16}},"49":{"start":{"line":98,"column":10},"end":{"line":98,"column":28}},"50":{"start":{"line":99,"column":10},"end":{"line":99,"column":41}},"51":{"start":{"line":100,"column":10},"end":{"line":101,"column":8}},"52":{"start":{"line":106,"column":2},"end":{"line":117,"column":5}},"53":{"start":{"line":107,"column":4},"end":{"line":117,"column":2}},"54":{"start":{"line":108,"column":6},"end":{"line":115,"column":16}},"55":{"start":{"line":110,"column":10},"end":{"line":110,"column":28}},"56":{"start":{"line":111,"column":10},"end":{"line":112,"column":10}},"57":{"start":{"line":112,"column":10},"end":{"line":112,"column":41}},"58":{"start":{"line":113,"column":10},"end":{"line":114,"column":8}},"59":{"start":{"line":119,"column":2},"end":{"line":142,"column":5}},"60":{"start":{"line":121,"column":4},"end":{"line":130,"column":7}},"61":{"start":{"line":122,"column":6},"end":{"line":129,"column":16}},"62":{"start":{"line":124,"column":10},"end":{"line":124,"column":28}},"63":{"start":{"line":125,"column":10},"end":{"line":125,"column":32}},"64":{"start":{"line":126,"column":10},"end":{"line":126,"column":37}},"65":{"start":{"line":127,"column":10},"end":{"line":128,"column":8}},"66":{"start":{"line":132,"column":4},"end":{"line":142,"column":2}},"67":{"start":{"line":133,"column":6},"end":{"line":140,"column":16}},"68":{"start":{"line":135,"column":10},"end":{"line":135,"column":28}},"69":{"start":{"line":136,"column":10},"end":{"line":136,"column":32}},"70":{"start":{"line":137,"column":10},"end":{"line":137,"column":41}},"71":{"start":{"line":138,"column":10},"end":{"line":139,"column":8}}},"branchMap":{}},"/Users/rknell/Documents/Projects/snappyapps-seed/engine/lib/loader.test.js":{"path":"/Users/rknell/Documents/Projects/snappyapps-seed/engine/lib/loader.test.js","s":{"1":1,"2":1,"3":1,"4":1,"5":1,"6":1,"7":1,"8":1,"9":1,"10":1,"11":1,"12":1,"13":1,"14":1,"15":1,"16":1,"17":1,"18":1,"19":1,"20":1,"21":1,"22":1,"23":1,"24":1,"25":1,"26":1,"27":1,"28":1,"29":1,"30":1,"31":1,"32":1},"b":{},"f":{"1":1,"2":1,"3":1,"4":1,"5":1,"6":1,"7":1,"8":1,"9":1,"10":1,"11":1,"12":1},"fnMap":{"1":{"name":"(anonymous_1)","line":6,"loc":{"start":{"line":6,"column":19},"end":{"line":6,"column":31}}},"2":{"name":"(anonymous_2)","line":7,"loc":{"start":{"line":7,"column":27},"end":{"line":7,"column":39}}},"3":{"name":"(anonymous_3)","line":8,"loc":{"start":{"line":8,"column":33},"end":{"line":8,"column":49}}},"4":{"name":"(anonymous_4)","line":10,"loc":{"start":{"line":10,"column":14},"end":{"line":10,"column":32}}},"5":{"name":"(anonymous_5)","line":22,"loc":{"start":{"line":22,"column":22},"end":{"line":22,"column":34}}},"6":{"name":"(anonymous_6)","line":23,"loc":{"start":{"line":23,"column":37},"end":{"line":23,"column":53}}},"7":{"name":"(anonymous_7)","line":25,"loc":{"start":{"line":25,"column":14},"end":{"line":25,"column":32}}},"8":{"name":"(anonymous_8)","line":34,"loc":{"start":{"line":34,"column":27},"end":{"line":34,"column":39}}},"9":{"name":"(anonymous_9)","line":35,"loc":{"start":{"line":35,"column":33},"end":{"line":35,"column":49}}},"10":{"name":"(anonymous_10)","line":37,"loc":{"start":{"line":37,"column":14},"end":{"line":37,"column":32}}},"11":{"name":"(anonymous_11)","line":46,"loc":{"start":{"line":46,"column":22},"end":{"line":46,"column":34}}},"12":{"name":"(anonymous_12)","line":47,"loc":{"start":{"line":47,"column":37},"end":{"line":47,"column":49}}}},"statementMap":{"1":{"start":{"line":1,"column":0},"end":{"line":1,"column":31}},"2":{"start":{"line":2,"column":0},"end":{"line":2,"column":36}},"3":{"start":{"line":3,"column":0},"end":{"line":3,"column":32}},"4":{"start":{"line":4,"column":0},"end":{"line":4,"column":50}},"5":{"start":{"line":6,"column":0},"end":{"line":55,"column":3}},"6":{"start":{"line":7,"column":2},"end":{"line":22,"column":2}},"7":{"start":{"line":8,"column":4},"end":{"line":20,"column":2}},"8":{"start":{"line":9,"column":6},"end":{"line":18,"column":21}},"9":{"start":{"line":11,"column":10},"end":{"line":11,"column":30}},"10":{"start":{"line":12,"column":10},"end":{"line":12,"column":34}},"11":{"start":{"line":13,"column":10},"end":{"line":13,"column":43}},"12":{"start":{"line":14,"column":10},"end":{"line":14,"column":43}},"13":{"start":{"line":15,"column":10},"end":{"line":15,"column":48}},"14":{"start":{"line":16,"column":10},"end":{"line":16,"column":17}},"15":{"start":{"line":22,"column":2},"end":{"line":34,"column":2}},"16":{"start":{"line":23,"column":4},"end":{"line":32,"column":2}},"17":{"start":{"line":24,"column":6},"end":{"line":31,"column":4}},"18":{"start":{"line":26,"column":10},"end":{"line":26,"column":30}},"19":{"start":{"line":27,"column":10},"end":{"line":27,"column":34}},"20":{"start":{"line":28,"column":10},"end":{"line":28,"column":17}},"21":{"start":{"line":34,"column":2},"end":{"line":46,"column":2}},"22":{"start":{"line":35,"column":4},"end":{"line":44,"column":2}},"23":{"start":{"line":36,"column":6},"end":{"line":42,"column":21}},"24":{"start":{"line":38,"column":10},"end":{"line":38,"column":30}},"25":{"start":{"line":39,"column":10},"end":{"line":39,"column":34}},"26":{"start":{"line":40,"column":10},"end":{"line":41,"column":8}},"27":{"start":{"line":46,"column":2},"end":{"line":53,"column":5}},"28":{"start":{"line":47,"column":4},"end":{"line":53,"column":2}},"29":{"start":{"line":48,"column":6},"end":{"line":48,"column":51}},"30":{"start":{"line":49,"column":6},"end":{"line":49,"column":51}},"31":{"start":{"line":50,"column":6},"end":{"line":50,"column":51}},"32":{"start":{"line":51,"column":6},"end":{"line":51,"column":51}}},"branchMap":{}},"/Users/rknell/Documents/Projects/snappyapps-seed/api/middleware.test.js":{"path":"/Users/rknell/Documents/Projects/snappyapps-seed/api/middleware.test.js","s":{"1":1,"2":1,"3":1,"4":1,"5":1,"6":1,"7":1,"8":1,"9":1,"10":1,"11":1,"12":1,"13":1,"14":1,"15":1,"16":1,"17":1,"18":1,"19":1,"20":1},"b":{},"f":{"1":1,"2":1,"3":1,"4":1,"5":1,"6":1,"7":1,"8":1,"9":1,"10":1,"11":1},"fnMap":{"1":{"name":"(anonymous_1)","line":3,"loc":{"start":{"line":3,"column":23},"end":{"line":3,"column":33}}},"2":{"name":"(anonymous_2)","line":4,"loc":{"start":{"line":4,"column":25},"end":{"line":4,"column":35}}},"3":{"name":"(anonymous_3)","line":5,"loc":{"start":{"line":5,"column":27},"end":{"line":5,"column":41}}},"4":{"name":"(anonymous_4)","line":6,"loc":{"start":{"line":6,"column":56},"end":{"line":6,"column":72}}},"5":{"name":"(anonymous_5)","line":12,"loc":{"start":{"line":12,"column":31},"end":{"line":12,"column":45}}},"6":{"name":"(anonymous_6)","line":13,"loc":{"start":{"line":13,"column":57},"end":{"line":13,"column":73}}},"7":{"name":"(anonymous_7)","line":20,"loc":{"start":{"line":20,"column":25},"end":{"line":20,"column":39}}},"8":{"name":"(anonymous_8)","line":21,"loc":{"start":{"line":21,"column":31},"end":{"line":21,"column":45}}},"9":{"name":"(anonymous_9)","line":22,"loc":{"start":{"line":22,"column":61},"end":{"line":22,"column":77}}},"10":{"name":"(anonymous_10)","line":28,"loc":{"start":{"line":28,"column":27},"end":{"line":28,"column":41}}},"11":{"name":"(anonymous_11)","line":29,"loc":{"start":{"line":29,"column":62},"end":{"line":29,"column":78}}}},"statementMap":{"1":{"start":{"line":1,"column":0},"end":{"line":3,"column":0}},"2":{"start":{"line":3,"column":0},"end":{"line":37,"column":0}},"3":{"start":{"line":4,"column":2},"end":{"line":20,"column":2}},"4":{"start":{"line":5,"column":4},"end":{"line":12,"column":4}},"5":{"start":{"line":6,"column":6},"end":{"line":10,"column":4}},"6":{"start":{"line":7,"column":8},"end":{"line":7,"column":32}},"7":{"start":{"line":8,"column":8},"end":{"line":8,"column":15}},"8":{"start":{"line":12,"column":4},"end":{"line":18,"column":2}},"9":{"start":{"line":13,"column":6},"end":{"line":17,"column":4}},"10":{"start":{"line":14,"column":8},"end":{"line":14,"column":36}},"11":{"start":{"line":15,"column":8},"end":{"line":15,"column":15}},"12":{"start":{"line":20,"column":2},"end":{"line":35,"column":0}},"13":{"start":{"line":21,"column":4},"end":{"line":28,"column":4}},"14":{"start":{"line":22,"column":6},"end":{"line":26,"column":4}},"15":{"start":{"line":23,"column":8},"end":{"line":23,"column":36}},"16":{"start":{"line":24,"column":8},"end":{"line":24,"column":15}},"17":{"start":{"line":28,"column":4},"end":{"line":34,"column":2}},"18":{"start":{"line":29,"column":6},"end":{"line":33,"column":4}},"19":{"start":{"line":30,"column":8},"end":{"line":30,"column":44}},"20":{"start":{"line":31,"column":8},"end":{"line":31,"column":15}}},"branchMap":{}},"/Users/rknell/Documents/Projects/snappyapps-seed/api/middleware.js":{"path":"/Users/rknell/Documents/Projects/snappyapps-seed/api/middleware.js","s":{"1":1,"2":2,"3":1,"4":1,"5":1,"6":2,"7":1,"8":1,"9":1,"10":2,"11":1},"b":{"1":[1,1],"2":[1,1]},"f":{"1":2,"2":2,"3":2},"fnMap":{"1":{"name":"enoughNuts","line":6,"loc":{"start":{"line":6,"column":0},"end":{"line":6,"column":35}}},"2":{"name":"isLoggedIn","line":14,"loc":{"start":{"line":14,"column":0},"end":{"line":14,"column":35}}},"3":{"name":"emptyMiddleware","line":21,"loc":{"start":{"line":21,"column":0},"end":{"line":21,"column":40}}}},"statementMap":{"1":{"start":{"line":6,"column":0},"end":{"line":12,"column":1}},"2":{"start":{"line":7,"column":2},"end":{"line":11,"column":3}},"3":{"start":{"line":8,"column":4},"end":{"line":8,"column":11}},"4":{"start":{"line":10,"column":4},"end":{"line":11,"column":2}},"5":{"start":{"line":14,"column":0},"end":{"line":19,"column":1}},"6":{"start":{"line":15,"column":2},"end":{"line":17,"column":3}},"7":{"start":{"line":16,"column":4},"end":{"line":16,"column":57}},"8":{"start":{"line":18,"column":2},"end":{"line":18,"column":9}},"9":{"start":{"line":21,"column":0},"end":{"line":24,"column":1}},"10":{"start":{"line":23,"column":2},"end":{"line":23,"column":9}},"11":{"start":{"line":26,"column":0},"end":{"line":30,"column":2}}},"branchMap":{"1":{"line":7,"type":"if","locations":[{"start":{"line":7,"column":2},"end":{"line":7,"column":2}},{"start":{"line":7,"column":2},"end":{"line":7,"column":2}}]},"2":{"line":15,"type":"if","locations":[{"start":{"line":15,"column":2},"end":{"line":15,"column":2}},{"start":{"line":15,"column":2},"end":{"line":15,"column":2}}]}}},"/Users/rknell/Documents/Projects/snappyapps-seed/api/models/Dog.test.js":{"path":"/Users/rknell/Documents/Projects/snappyapps-seed/api/models/Dog.test.js","s":{"1":1,"2":1,"3":1,"4":1,"5":1,"6":1,"7":1,"8":1,"9":1,"10":1,"11":1,"12":1,"13":1,"14":1,"15":1,"16":1,"17":1,"18":1,"19":1,"20":1,"21":1,"22":1,"23":1,"24":1,"25":1,"26":1},"b":{},"f":{"1":1,"2":1,"3":1,"4":1,"5":1,"6":1,"7":1,"8":1,"9":1,"10":1,"11":1,"12":1,"13":1,"14":1},"fnMap":{"1":{"name":"(anonymous_1)","line":2,"loc":{"start":{"line":2,"column":21},"end":{"line":2,"column":31}}},"2":{"name":"(anonymous_2)","line":3,"loc":{"start":{"line":3,"column":22},"end":{"line":3,"column":32}}},"3":{"name":"(anonymous_3)","line":4,"loc":{"start":{"line":4,"column":27},"end":{"line":4,"column":41}}},"4":{"name":"(anonymous_4)","line":7,"loc":{"start":{"line":7,"column":13},"end":{"line":7,"column":31}}},"5":{"name":"(anonymous_5)","line":13,"loc":{"start":{"line":13,"column":24},"end":{"line":13,"column":38}}},"6":{"name":"(anonymous_6)","line":17,"loc":{"start":{"line":17,"column":13},"end":{"line":17,"column":31}}},"7":{"name":"(anonymous_7)","line":23,"loc":{"start":{"line":23,"column":26},"end":{"line":23,"column":40}}},"8":{"name":"(anonymous_8)","line":26,"loc":{"start":{"line":26,"column":13},"end":{"line":26,"column":31}}},"9":{"name":"(anonymous_9)","line":32,"loc":{"start":{"line":32,"column":30},"end":{"line":32,"column":44}}},"10":{"name":"(anonymous_10)","line":36,"loc":{"start":{"line":36,"column":13},"end":{"line":36,"column":31}}},"11":{"name":"(anonymous_11)","line":42,"loc":{"start":{"line":42,"column":30},"end":{"line":42,"column":44}}},"12":{"name":"(anonymous_12)","line":46,"loc":{"start":{"line":46,"column":13},"end":{"line":46,"column":31}}},"13":{"name":"(anonymous_13)","line":52,"loc":{"start":{"line":52,"column":24},"end":{"line":52,"column":38}}},"14":{"name":"(anonymous_14)","line":55,"loc":{"start":{"line":55,"column":13},"end":{"line":55,"column":31}}}},"statementMap":{"1":{"start":{"line":2,"column":0},"end":{"line":63,"column":0}},"2":{"start":{"line":3,"column":2},"end":{"line":61,"column":0}},"3":{"start":{"line":4,"column":4},"end":{"line":13,"column":4}},"4":{"start":{"line":5,"column":6},"end":{"line":11,"column":4}},"5":{"start":{"line":8,"column":10},"end":{"line":8,"column":43}},"6":{"start":{"line":9,"column":10},"end":{"line":9,"column":17}},"7":{"start":{"line":13,"column":4},"end":{"line":23,"column":4}},"8":{"start":{"line":14,"column":6},"end":{"line":21,"column":4}},"9":{"start":{"line":18,"column":10},"end":{"line":18,"column":43}},"10":{"start":{"line":19,"column":10},"end":{"line":19,"column":17}},"11":{"start":{"line":23,"column":4},"end":{"line":32,"column":4}},"12":{"start":{"line":24,"column":6},"end":{"line":30,"column":4}},"13":{"start":{"line":27,"column":10},"end":{"line":27,"column":43}},"14":{"start":{"line":28,"column":10},"end":{"line":28,"column":17}},"15":{"start":{"line":32,"column":4},"end":{"line":42,"column":4}},"16":{"start":{"line":33,"column":6},"end":{"line":40,"column":4}},"17":{"start":{"line":37,"column":10},"end":{"line":37,"column":43}},"18":{"start":{"line":38,"column":10},"end":{"line":38,"column":17}},"19":{"start":{"line":42,"column":4},"end":{"line":52,"column":4}},"20":{"start":{"line":43,"column":6},"end":{"line":50,"column":4}},"21":{"start":{"line":47,"column":10},"end":{"line":47,"column":43}},"22":{"start":{"line":48,"column":10},"end":{"line":48,"column":17}},"23":{"start":{"line":52,"column":4},"end":{"line":60,"column":2}},"24":{"start":{"line":53,"column":6},"end":{"line":59,"column":4}},"25":{"start":{"line":56,"column":10},"end":{"line":56,"column":43}},"26":{"start":{"line":57,"column":10},"end":{"line":57,"column":17}}},"branchMap":{}},"/Users/rknell/Documents/Projects/snappyapps-seed/api/routes/Cat.test.js":{"path":"/Users/rknell/Documents/Projects/snappyapps-seed/api/routes/Cat.test.js","s":{"1":1,"2":1,"3":1,"4":1,"5":1,"6":1,"7":1,"8":1,"9":1,"10":1,"11":1,"12":1,"13":1,"14":1},"b":{},"f":{"1":1,"2":1,"3":1,"4":1,"5":1,"6":1,"7":1},"fnMap":{"1":{"name":"(anonymous_1)","line":3,"loc":{"start":{"line":3,"column":16},"end":{"line":3,"column":28}}},"2":{"name":"(anonymous_2)","line":4,"loc":{"start":{"line":4,"column":19},"end":{"line":4,"column":29}}},"3":{"name":"(anonymous_3)","line":5,"loc":{"start":{"line":5,"column":31},"end":{"line":5,"column":45}}},"4":{"name":"(anonymous_4)","line":6,"loc":{"start":{"line":6,"column":30},"end":{"line":6,"column":44}}},"5":{"name":"(anonymous_5)","line":14,"loc":{"start":{"line":14,"column":21},"end":{"line":14,"column":31}}},"6":{"name":"(anonymous_6)","line":15,"loc":{"start":{"line":15,"column":31},"end":{"line":15,"column":45}}},"7":{"name":"(anonymous_7)","line":16,"loc":{"start":{"line":16,"column":49},"end":{"line":16,"column":63}}}},"statementMap":{"1":{"start":{"line":1,"column":0},"end":{"line":1,"column":27}},"2":{"start":{"line":3,"column":0},"end":{"line":26,"column":0}},"3":{"start":{"line":4,"column":2},"end":{"line":14,"column":2}},"4":{"start":{"line":5,"column":4},"end":{"line":12,"column":2}},"5":{"start":{"line":6,"column":6},"end":{"line":10,"column":10}},"6":{"start":{"line":7,"column":8},"end":{"line":7,"column":30}},"7":{"start":{"line":8,"column":8},"end":{"line":8,"column":43}},"8":{"start":{"line":9,"column":8},"end":{"line":9,"column":15}},"9":{"start":{"line":14,"column":2},"end":{"line":24,"column":0}},"10":{"start":{"line":15,"column":4},"end":{"line":22,"column":2}},"11":{"start":{"line":16,"column":6},"end":{"line":20,"column":10}},"12":{"start":{"line":17,"column":8},"end":{"line":17,"column":30}},"13":{"start":{"line":18,"column":8},"end":{"line":18,"column":43}},"14":{"start":{"line":19,"column":8},"end":{"line":19,"column":15}}},"branchMap":{}},"/Users/rknell/Documents/Projects/snappyapps-seed/api/routes/Cat.js":{"path":"/Users/rknell/Documents/Projects/snappyapps-seed/api/routes/Cat.js","s":{"1":1,"2":1,"3":1,"4":1,"5":1,"6":1,"7":1,"8":1,"9":1,"10":1,"11":1},"b":{"1":[1,1],"2":[1,1]},"f":{"1":1,"2":1,"3":1,"4":1,"5":1},"fnMap":{"1":{"name":"find","line":20,"loc":{"start":{"line":20,"column":0},"end":{"line":20,"column":24}}},"2":{"name":"(anonymous_2)","line":22,"loc":{"start":{"line":22,"column":10},"end":{"line":22,"column":31}}},"3":{"name":"override","line":27,"loc":{"start":{"line":27,"column":0},"end":{"line":27,"column":28}}},"4":{"name":"search","line":31,"loc":{"start":{"line":31,"column":0},"end":{"line":31,"column":26}}},"5":{"name":"(anonymous_5)","line":33,"loc":{"start":{"line":33,"column":10},"end":{"line":33,"column":31}}}},"statementMap":{"1":{"start":{"line":17,"column":0},"end":{"line":17,"column":41}},"2":{"start":{"line":18,"column":0},"end":{"line":18,"column":42}},"3":{"start":{"line":20,"column":0},"end":{"line":25,"column":1}},"4":{"start":{"line":21,"column":2},"end":{"line":24,"column":7}},"5":{"start":{"line":23,"column":6},"end":{"line":23,"column":28}},"6":{"start":{"line":27,"column":0},"end":{"line":29,"column":1}},"7":{"start":{"line":28,"column":2},"end":{"line":28,"column":25}},"8":{"start":{"line":31,"column":0},"end":{"line":36,"column":1}},"9":{"start":{"line":32,"column":2},"end":{"line":36,"column":0}},"10":{"start":{"line":34,"column":6},"end":{"line":34,"column":28}},"11":{"start":{"line":38,"column":0},"end":{"line":80,"column":2}}},"branchMap":{"1":{"line":23,"type":"binary-expr","locations":[{"start":{"line":23,"column":15},"end":{"line":23,"column":18}},{"start":{"line":23,"column":22},"end":{"line":23,"column":26}}]},"2":{"line":34,"type":"binary-expr","locations":[{"start":{"line":34,"column":15},"end":{"line":34,"column":18}},{"start":{"line":34,"column":22},"end":{"line":34,"column":26}}]}}},"/Users/rknell/Documents/Projects/snappyapps-seed/api/models/Cat.js":{"path":"/Users/rknell/Documents/Projects/snappyapps-seed/api/models/Cat.js","s":{"1":1,"2":1,"3":1,"4":1,"5":1,"6":1},"b":{},"f":{},"fnMap":{},"statementMap":{"1":{"start":{"line":10,"column":0},"end":{"line":10,"column":77}},"2":{"start":{"line":11,"column":0},"end":{"line":11,"column":42}},"3":{"start":{"line":12,"column":0},"end":{"line":12,"column":35}},"4":{"start":{"line":16,"column":0},"end":{"line":23,"column":3}},"5":{"start":{"line":27,"column":0},"end":{"line":27,"column":32}},"6":{"start":{"line":31,"column":0},"end":{"line":43,"column":0}}},"branchMap":{}},"/Users/rknell/Documents/Projects/snappyapps-seed/api/routes/Squirrel.test.js":{"path":"/Users/rknell/Documents/Projects/snappyapps-seed/api/routes/Squirrel.test.js","s":{"1":1,"2":1,"3":1,"4":1,"5":1,"6":1,"7":1},"b":{},"f":{"1":1,"2":1,"3":1,"4":1},"fnMap":{"1":{"name":"(anonymous_1)","line":3,"loc":{"start":{"line":3,"column":21},"end":{"line":3,"column":33}}},"2":{"name":"(anonymous_2)","line":4,"loc":{"start":{"line":4,"column":26},"end":{"line":4,"column":36}}},"3":{"name":"(anonymous_3)","line":5,"loc":{"start":{"line":5,"column":31},"end":{"line":5,"column":45}}},"4":{"name":"(anonymous_4)","line":10,"loc":{"start":{"line":10,"column":16},"end":{"line":10,"column":30}}}},"statementMap":{"1":{"start":{"line":1,"column":0},"end":{"line":1,"column":37}},"2":{"start":{"line":3,"column":0},"end":{"line":18,"column":0}},"3":{"start":{"line":4,"column":2},"end":{"line":16,"column":0}},"4":{"start":{"line":5,"column":4},"end":{"line":15,"column":2}},"5":{"start":{"line":6,"column":6},"end":{"line":14,"column":4}},"6":{"start":{"line":11,"column":8},"end":{"line":11,"column":32}},"7":{"start":{"line":12,"column":8},"end":{"line":12,"column":15}}},"branchMap":{}},"/Users/rknell/Documents/Projects/snappyapps-seed/api/routes/Squirrel.js":{"path":"/Users/rknell/Documents/Projects/snappyapps-seed/api/routes/Squirrel.js","s":{"1":1,"2":1,"3":1,"4":1,"5":1},"b":{},"f":{"1":1},"fnMap":{"1":{"name":"collectNuts","line":7,"loc":{"start":{"line":7,"column":0},"end":{"line":7,"column":31}}}},"statementMap":{"1":{"start":{"line":5,"column":0},"end":{"line":5,"column":13}},"2":{"start":{"line":7,"column":0},"end":{"line":10,"column":1}},"3":{"start":{"line":8,"column":2},"end":{"line":8,"column":28}},"4":{"start":{"line":9,"column":2},"end":{"line":10,"column":0}},"5":{"start":{"line":12,"column":0},"end":{"line":22,"column":2}}},"branchMap":{}},"/Users/rknell/Documents/Projects/snappyapps-seed/api/models/Dog.js":{"path":"/Users/rknell/Documents/Projects/snappyapps-seed/api/models/Dog.js","s":{"1":1,"2":1,"3":1},"b":{},"f":{},"fnMap":{},"statementMap":{"1":{"start":{"line":6,"column":0},"end":{"line":6,"column":35}},"2":{"start":{"line":8,"column":0},"end":{"line":11,"column":2}},"3":{"start":{"line":13,"column":0},"end":{"line":23,"column":2}}},"branchMap":{}}}