TN:
SF:/Users/rknell/Documents/Projects/snappyapps-seed/engine/bootstrap.test.js
FN:15,(anonymous_1)
FN:19,(anonymous_2)
FNF:2
FNH:2
FNDA:1,(anonymous_1)
FNDA:1,(anonymous_2)
DA:1,1
DA:2,1
DA:3,1
DA:4,1
DA:5,1
DA:6,1
DA:7,1
DA:10,1
DA:12,1
DA:15,1
DA:16,1
DA:18,1
DA:20,1
DA:21,1
DA:22,1
DA:23,1
DA:24,1
DA:25,1
LF:18
LH:18
BRF:0
BRH:0
end_of_record
TN:
SF:/Users/rknell/Documents/Projects/snappyapps-seed/engine/lib/express.js
FN:43,listen
FN:56,(anonymous_2)
FN:68,(anonymous_3)
FN:84,(anonymous_4)
FNF:4
FNH:4
FNDA:1,listen
FNDA:2,(anonymous_2)
FNDA:2,(anonymous_3)
FNDA:1,(anonymous_4)
DA:11,1
DA:12,1
DA:13,1
DA:14,1
DA:15,1
DA:16,1
DA:17,1
DA:18,1
DA:22,1
DA:26,1
DA:27,1
DA:28,1
DA:29,1
DA:30,1
DA:35,1
DA:43,1
DA:46,1
DA:47,1
DA:48,1
DA:52,1
DA:56,1
DA:57,2
DA:58,2
DA:59,2
DA:67,1
DA:68,1
DA:69,2
DA:70,1
DA:74,1
DA:76,1
DA:77,1
DA:84,1
DA:85,1
DA:90,1
DA:95,1
LF:35
LH:35
BRDA:69,1,0,1
BRDA:69,1,1,1
BRDA:84,2,0,1
BRDA:84,2,1,1
BRF:4
BRH:4
end_of_record
TN:
SF:/Users/rknell/Documents/Projects/snappyapps-seed/engine/lib/loader.js
FN:14,(anonymous_1)
FN:23,loadModules
FN:27,(anonymous_3)
FN:42,(anonymous_4)
FN:51,loadModels
FN:55,(anonymous_6)
FN:57,(anonymous_7)
FN:64,(anonymous_8)
FN:73,(anonymous_9)
FN:82,(anonymous_10)
FN:91,(anonymous_11)
FN:100,(anonymous_12)
FN:109,(anonymous_13)
FN:125,loadRoutes
FN:129,(anonymous_15)
FN:130,(anonymous_16)
FN:132,(anonymous_17)
FN:196,actionRunLast
FN:197,(anonymous_19)
FN:198,(anonymous_20)
FN:213,addToRegister
FN:215,(anonymous_22)
FN:229,space
FN:239,loadApi
FNF:24
FNH:24
FNDA:1,(anonymous_1)
FNDA:6,loadModules
FNDA:24,(anonymous_3)
FNDA:6,(anonymous_4)
FNDA:3,loadModels
FNDA:3,(anonymous_6)
FNDA:6,(anonymous_7)
FNDA:1,(anonymous_8)
FNDA:1,(anonymous_9)
FNDA:1,(anonymous_10)
FNDA:1,(anonymous_11)
FNDA:1,(anonymous_12)
FNDA:1,(anonymous_13)
FNDA:3,loadRoutes
FNDA:3,(anonymous_15)
FNDA:6,(anonymous_16)
FNDA:21,(anonymous_17)
FNDA:2,actionRunLast
FNDA:24,(anonymous_19)
FNDA:38,(anonymous_20)
FNDA:72,addToRegister
FNDA:48,(anonymous_22)
FNDA:42,space
FNDA:2,loadApi
DA:3,2
DA:4,2
DA:5,2
DA:6,2
DA:7,2
DA:8,2
DA:12,2
DA:14,2
DA:15,1
DA:23,1
DA:24,6
DA:25,6
DA:27,6
DA:28,24
DA:29,24
DA:31,24
DA:32,21
DA:33,21
DA:34,12
DA:35,12
DA:36,12
DA:39,24
DA:42,6
DA:43,6
DA:51,1
DA:52,3
DA:53,3
DA:57,3
DA:59,6
DA:61,6
DA:65,1
DA:70,6
DA:74,1
DA:79,6
DA:83,1
DA:88,6
DA:92,1
DA:97,6
DA:101,1
DA:106,6
DA:110,1
DA:116,3
DA:118,3
DA:125,1
DA:126,3
DA:127,3
DA:130,3
DA:131,6
DA:132,6
DA:134,21
DA:140,21
DA:141,3
DA:149,21
DA:150,3
DA:158,21
DA:159,3
DA:167,21
DA:168,3
DA:176,21
DA:177,3
DA:187,3
DA:189,3
DA:196,1
DA:197,2
DA:198,24
DA:199,38
DA:200,38
DA:201,38
DA:205,2
DA:213,1
DA:214,72
DA:215,51
DA:216,48
DA:219,72
DA:220,72
DA:221,72
DA:229,1
DA:230,42
DA:231,175
DA:232,42
DA:239,1
DA:240,2
DA:245,2
LF:83
LH:83
BRDA:31,1,0,21
BRDA:31,1,1,3
BRDA:33,2,0,12
BRDA:33,2,1,9
BRDA:140,3,0,3
BRDA:140,3,1,18
BRDA:149,4,0,3
BRDA:149,4,1,18
BRDA:158,5,0,3
BRDA:158,5,1,18
BRDA:167,6,0,3
BRDA:167,6,1,18
BRDA:176,7,0,3
BRDA:176,7,1,18
BRDA:214,8,0,51
BRDA:214,8,1,21
BRDA:219,9,0,24
BRDA:219,9,1,48
BRF:18
BRH:18
end_of_record
TN:
SF:/Users/rknell/Documents/Projects/snappyapps-seed/engine/lib/defaultActions.js
FN:9,findAll
FN:12,(anonymous_2)
FN:23,search
FN:27,(anonymous_4)
FN:38,findById
FN:40,(anonymous_6)
FN:51,create
FN:56,(anonymous_8)
FN:67,update
FN:70,(anonymous_10)
FN:82,remove
FN:84,(anonymous_12)
FNF:12
FNH:12
FNDA:2,findAll
FNDA:2,(anonymous_2)
FNDA:2,search
FNDA:2,(anonymous_4)
FNDA:2,findById
FNDA:2,(anonymous_6)
FNDA:2,create
FNDA:2,(anonymous_8)
FNDA:2,update
FNDA:2,(anonymous_10)
FNDA:3,remove
FNDA:3,(anonymous_12)
DA:1,1
DA:9,1
DA:10,2
DA:13,2
DA:23,1
DA:24,2
DA:25,2
DA:28,2
DA:38,1
DA:39,2
DA:41,2
DA:51,1
DA:52,2
DA:53,2
DA:55,2
DA:56,2
DA:57,2
DA:67,1
DA:68,2
DA:69,2
DA:70,2
DA:72,2
DA:82,1
DA:83,3
DA:84,3
DA:85,3
DA:86,2
DA:88,1
DA:94,1
LF:29
LH:29
BRDA:85,1,0,2
BRDA:85,1,1,1
BRF:2
BRH:2
end_of_record
TN:
SF:/Users/rknell/Documents/Projects/snappyapps-seed/engine/lib/defaultActions.test.js
FN:10,(anonymous_1)
FN:11,(anonymous_2)
FN:12,(anonymous_3)
FN:14,(anonymous_4)
FN:24,(anonymous_5)
FN:29,(anonymous_6)
FN:36,(anonymous_7)
FN:37,(anonymous_8)
FN:41,(anonymous_9)
FN:47,(anonymous_10)
FN:52,(anonymous_11)
FN:59,(anonymous_12)
FN:62,(anonymous_13)
FN:69,(anonymous_14)
FN:70,(anonymous_15)
FN:72,(anonymous_16)
FN:81,(anonymous_17)
FN:82,(anonymous_18)
FN:84,(anonymous_19)
FN:94,(anonymous_20)
FN:95,(anonymous_21)
FN:97,(anonymous_22)
FN:106,(anonymous_23)
FN:107,(anonymous_24)
FN:109,(anonymous_25)
FN:119,(anonymous_26)
FN:121,(anonymous_27)
FN:123,(anonymous_28)
FN:132,(anonymous_29)
FN:134,(anonymous_30)
FNF:30
FNH:30
FNDA:1,(anonymous_1)
FNDA:1,(anonymous_2)
FNDA:1,(anonymous_3)
FNDA:1,(anonymous_4)
FNDA:1,(anonymous_5)
FNDA:1,(anonymous_6)
FNDA:1,(anonymous_7)
FNDA:1,(anonymous_8)
FNDA:1,(anonymous_9)
FNDA:1,(anonymous_10)
FNDA:1,(anonymous_11)
FNDA:1,(anonymous_12)
FNDA:1,(anonymous_13)
FNDA:1,(anonymous_14)
FNDA:1,(anonymous_15)
FNDA:1,(anonymous_16)
FNDA:1,(anonymous_17)
FNDA:1,(anonymous_18)
FNDA:1,(anonymous_19)
FNDA:1,(anonymous_20)
FNDA:1,(anonymous_21)
FNDA:1,(anonymous_22)
FNDA:1,(anonymous_23)
FNDA:1,(anonymous_24)
FNDA:1,(anonymous_25)
FNDA:1,(anonymous_26)
FNDA:1,(anonymous_27)
FNDA:1,(anonymous_28)
FNDA:1,(anonymous_29)
FNDA:1,(anonymous_30)
DA:1,1
DA:2,1
DA:4,1
DA:8,1
DA:10,1
DA:11,1
DA:12,1
DA:13,1
DA:15,1
DA:16,1
DA:17,1
DA:18,1
DA:19,1
DA:24,1
DA:25,1
DA:26,1
DA:30,1
DA:31,1
DA:36,1
DA:37,1
DA:38,1
DA:42,1
DA:43,1
DA:47,1
DA:48,1
DA:53,1
DA:54,1
DA:55,1
DA:59,1
DA:60,1
DA:63,1
DA:64,1
DA:69,1
DA:70,1
DA:71,1
DA:73,1
DA:74,1
DA:75,1
DA:81,1
DA:82,1
DA:83,1
DA:85,1
DA:86,1
DA:87,1
DA:88,1
DA:94,1
DA:95,1
DA:96,1
DA:98,1
DA:99,1
DA:100,1
DA:106,1
DA:107,1
DA:108,1
DA:110,1
DA:111,1
DA:112,1
DA:113,1
DA:119,1
DA:121,1
DA:122,1
DA:124,1
DA:125,1
DA:126,1
DA:127,1
DA:132,1
DA:133,1
DA:135,1
DA:136,1
DA:137,1
DA:138,1
LF:71
LH:71
BRF:0
BRH:0
end_of_record
TN:
SF:/Users/rknell/Documents/Projects/snappyapps-seed/engine/lib/loader.test.js
FN:6,(anonymous_1)
FN:7,(anonymous_2)
FN:8,(anonymous_3)
FN:10,(anonymous_4)
FN:22,(anonymous_5)
FN:23,(anonymous_6)
FN:25,(anonymous_7)
FN:34,(anonymous_8)
FN:35,(anonymous_9)
FN:37,(anonymous_10)
FN:46,(anonymous_11)
FN:47,(anonymous_12)
FNF:12
FNH:12
FNDA:1,(anonymous_1)
FNDA:1,(anonymous_2)
FNDA:1,(anonymous_3)
FNDA:1,(anonymous_4)
FNDA:1,(anonymous_5)
FNDA:1,(anonymous_6)
FNDA:1,(anonymous_7)
FNDA:1,(anonymous_8)
FNDA:1,(anonymous_9)
FNDA:1,(anonymous_10)
FNDA:1,(anonymous_11)
FNDA:1,(anonymous_12)
DA:1,1
DA:2,1
DA:3,1
DA:4,1
DA:6,1
DA:7,1
DA:8,1
DA:9,1
DA:11,1
DA:12,1
DA:13,1
DA:14,1
DA:15,1
DA:16,1
DA:22,1
DA:23,1
DA:24,1
DA:26,1
DA:27,1
DA:28,1
DA:34,1
DA:35,1
DA:36,1
DA:38,1
DA:39,1
DA:40,1
DA:46,1
DA:47,1
DA:48,1
DA:49,1
DA:50,1
DA:51,1
LF:32
LH:32
BRF:0
BRH:0
end_of_record
TN:
SF:/Users/rknell/Documents/Projects/snappyapps-seed/api/middleware.test.js
FN:3,(anonymous_1)
FN:4,(anonymous_2)
FN:5,(anonymous_3)
FN:6,(anonymous_4)
FN:12,(anonymous_5)
FN:13,(anonymous_6)
FN:20,(anonymous_7)
FN:21,(anonymous_8)
FN:22,(anonymous_9)
FN:28,(anonymous_10)
FN:29,(anonymous_11)
FNF:11
FNH:11
FNDA:1,(anonymous_1)
FNDA:1,(anonymous_2)
FNDA:1,(anonymous_3)
FNDA:1,(anonymous_4)
FNDA:1,(anonymous_5)
FNDA:1,(anonymous_6)
FNDA:1,(anonymous_7)
FNDA:1,(anonymous_8)
FNDA:1,(anonymous_9)
FNDA:1,(anonymous_10)
FNDA:1,(anonymous_11)
DA:1,1
DA:3,1
DA:4,1
DA:5,1
DA:6,1
DA:7,1
DA:8,1
DA:12,1
DA:13,1
DA:14,1
DA:15,1
DA:20,1
DA:21,1
DA:22,1
DA:23,1
DA:24,1
DA:28,1
DA:29,1
DA:30,1
DA:31,1
LF:20
LH:20
BRF:0
BRH:0
end_of_record
TN:
SF:/Users/rknell/Documents/Projects/snappyapps-seed/api/middleware.js
FN:6,enoughNuts
FN:14,isLoggedIn
FN:21,emptyMiddleware
FNF:3
FNH:3
FNDA:2,enoughNuts
FNDA:2,isLoggedIn
FNDA:2,emptyMiddleware
DA:6,1
DA:7,2
DA:8,1
DA:10,1
DA:14,1
DA:15,2
DA:16,1
DA:18,1
DA:21,1
DA:23,2
DA:26,1
LF:11
LH:11
BRDA:7,1,0,1
BRDA:7,1,1,1
BRDA:15,2,0,1
BRDA:15,2,1,1
BRF:4
BRH:4
end_of_record
TN:
SF:/Users/rknell/Documents/Projects/snappyapps-seed/api/models/Dog.test.js
FN:2,(anonymous_1)
FN:3,(anonymous_2)
FN:4,(anonymous_3)
FN:7,(anonymous_4)
FN:13,(anonymous_5)
FN:17,(anonymous_6)
FN:23,(anonymous_7)
FN:26,(anonymous_8)
FN:32,(anonymous_9)
FN:36,(anonymous_10)
FN:42,(anonymous_11)
FN:46,(anonymous_12)
FN:52,(anonymous_13)
FN:55,(anonymous_14)
FNF:14
FNH:14
FNDA:1,(anonymous_1)
FNDA:1,(anonymous_2)
FNDA:1,(anonymous_3)
FNDA:1,(anonymous_4)
FNDA:1,(anonymous_5)
FNDA:1,(anonymous_6)
FNDA:1,(anonymous_7)
FNDA:1,(anonymous_8)
FNDA:1,(anonymous_9)
FNDA:1,(anonymous_10)
FNDA:1,(anonymous_11)
FNDA:1,(anonymous_12)
FNDA:1,(anonymous_13)
FNDA:1,(anonymous_14)
DA:2,1
DA:3,1
DA:4,1
DA:5,1
DA:8,1
DA:9,1
DA:13,1
DA:14,1
DA:18,1
DA:19,1
DA:23,1
DA:24,1
DA:27,1
DA:28,1
DA:32,1
DA:33,1
DA:37,1
DA:38,1
DA:42,1
DA:43,1
DA:47,1
DA:48,1
DA:52,1
DA:53,1
DA:56,1
DA:57,1
LF:26
LH:26
BRF:0
BRH:0
end_of_record
TN:
SF:/Users/rknell/Documents/Projects/snappyapps-seed/api/routes/Cat.test.js
FN:3,(anonymous_1)
FN:4,(anonymous_2)
FN:5,(anonymous_3)
FN:6,(anonymous_4)
FN:14,(anonymous_5)
FN:15,(anonymous_6)
FN:16,(anonymous_7)
FNF:7
FNH:7
FNDA:1,(anonymous_1)
FNDA:1,(anonymous_2)
FNDA:1,(anonymous_3)
FNDA:1,(anonymous_4)
FNDA:1,(anonymous_5)
FNDA:1,(anonymous_6)
FNDA:1,(anonymous_7)
DA:1,1
DA:3,1
DA:4,1
DA:5,1
DA:6,1
DA:7,1
DA:8,1
DA:9,1
DA:14,1
DA:15,1
DA:16,1
DA:17,1
DA:18,1
DA:19,1
LF:14
LH:14
BRF:0
BRH:0
end_of_record
TN:
SF:/Users/rknell/Documents/Projects/snappyapps-seed/api/routes/Cat.js
FN:20,find
FN:22,(anonymous_2)
FN:27,override
FN:31,search
FN:33,(anonymous_5)
FNF:5
FNH:5
FNDA:1,find
FNDA:1,(anonymous_2)
FNDA:1,override
FNDA:1,search
FNDA:1,(anonymous_5)
DA:17,1
DA:18,1
DA:20,1
DA:21,1
DA:23,1
DA:27,1
DA:28,1
DA:31,1
DA:32,1
DA:34,1
DA:38,1
LF:11
LH:11
BRDA:23,1,0,1
BRDA:23,1,1,1
BRDA:34,2,0,1
BRDA:34,2,1,1
BRF:4
BRH:4
end_of_record
TN:
SF:/Users/rknell/Documents/Projects/snappyapps-seed/api/models/Cat.js
FNF:0
FNH:0
DA:10,1
DA:11,1
DA:12,1
DA:16,1
DA:27,1
DA:31,1
LF:6
LH:6
BRF:0
BRH:0
end_of_record
TN:
SF:/Users/rknell/Documents/Projects/snappyapps-seed/api/routes/Squirrel.test.js
FN:3,(anonymous_1)
FN:4,(anonymous_2)
FN:5,(anonymous_3)
FN:10,(anonymous_4)
FNF:4
FNH:4
FNDA:1,(anonymous_1)
FNDA:1,(anonymous_2)
FNDA:1,(anonymous_3)
FNDA:1,(anonymous_4)
DA:1,1
DA:3,1
DA:4,1
DA:5,1
DA:6,1
DA:11,1
DA:12,1
LF:7
LH:7
BRF:0
BRH:0
end_of_record
TN:
SF:/Users/rknell/Documents/Projects/snappyapps-seed/api/routes/Squirrel.js
FN:7,collectNuts
FNF:1
FNH:1
FNDA:1,collectNuts
DA:5,1
DA:7,1
DA:8,1
DA:9,1
DA:12,1
LF:5
LH:5
BRF:0
BRH:0
end_of_record
TN:
SF:/Users/rknell/Documents/Projects/snappyapps-seed/api/models/Dog.js
FNF:0
FNH:0
DA:6,1
DA:8,1
DA:13,1
LF:3
LH:3
BRF:0
BRH:0
end_of_record
